{"level":"info","timestamp":"2020-09-08T02:51:18.848Z"}
{"level":"info","timestamp":"2020-09-08T02:52:12.370Z"}
{"level":"info","timestamp":"2020-09-08T02:52:38.328Z"}
{"message":"{}","level":"info","timestamp":"2020-09-08T02:52:56.475Z"}
{"level":"info","timestamp":"2020-09-08T02:55:11.527Z"}
{"level":"info","timestamp":"2020-09-08T02:55:33.392Z"}
{"level":"info","timestamp":"2020-09-08T02:56:32.585Z"}
{"level":"info","timestamp":"2020-09-08T02:56:47.878Z"}
{"level":"info","timestamp":"2020-09-08T02:57:28.678Z"}
{"level":"info","timestamp":"2020-09-08T03:03:19.043Z"}
{"message":"Verify request body error TypeError: Cannot read property 'GET' of undefined","level":"info","timestamp":"2020-09-08T03:07:53.903Z"}
{"message":"Verify request body error TypeError: Cannot read property '' of undefined","level":"info","timestamp":"2020-09-08T07:02:22.254Z"}
{"message":"Verify request body error TypeError: Cannot read property 'limit' of undefined","level":"info","timestamp":"2020-09-08T07:10:12.752Z"}
{"message":"Get user detail CastError: Cast to ObjectId failed for value \"limit\" at path \"_id\" for model \"users\"","level":"info","timestamp":"2020-09-08T07:10:12.755Z"}
{"message":"Verify request body error TypeError: Cannot read property 's' of undefined","level":"info","timestamp":"2020-09-08T07:10:22.221Z"}
{"message":"Get user detail CastError: Cast to ObjectId failed for value \"s\" at path \"_id\" for model \"users\"","level":"info","timestamp":"2020-09-08T07:10:22.222Z"}
{"message":"Verify request body error TypeError: Cannot read property 'search' of undefined","level":"info","timestamp":"2020-09-08T07:10:28.945Z"}
{"message":"Verify request body error TypeError [ERR_INVALID_ARG_TYPE]: The \"path\" argument must be of type string or an instance of Buffer or URL. Received undefined","level":"info","timestamp":"2020-09-08T07:10:53.516Z"}
{"message":"Verify request body error TypeError [ERR_INVALID_ARG_TYPE]: The \"path\" argument must be of type string or an instance of Buffer or URL. Received undefined","level":"info","timestamp":"2020-09-08T07:12:43.921Z"}
{"message":"Verify request body error TypeError [ERR_INVALID_ARG_TYPE]: The \"path\" argument must be of type string or an instance of Buffer or URL. Received undefined","level":"info","timestamp":"2020-09-08T07:13:02.167Z"}
{"message":"Verify request body error TypeError [ERR_INVALID_ARG_TYPE]: The \"path\" argument must be of type string or an instance of Buffer or URL. Received undefined","level":"info","timestamp":"2020-09-08T07:14:05.966Z"}
{"message":"Verify request body error TypeError [ERR_INVALID_ARG_TYPE]: The \"path\" argument must be of type string or an instance of Buffer or URL. Received undefined","level":"info","timestamp":"2020-09-08T07:14:13.630Z"}
{"message":"Verify request body error TypeError [ERR_INVALID_ARG_TYPE]: The \"path\" argument must be of type string or an instance of Buffer or URL. Received undefined","level":"info","timestamp":"2020-09-08T07:14:27.587Z"}
{"message":"Verify request body error TypeError: Cannot read property '5f55d90a2eb163705d8f3c1b' of undefined","level":"info","timestamp":"2020-09-08T07:19:58.789Z"}
{"message":"Verify request body error TypeError: Cannot read property '5f55d90a2eb163705d8f3c1b' of undefined","level":"info","timestamp":"2020-09-08T07:20:28.945Z"}
{"message":"Verify request body error TypeError: Cannot read property '5f55d90a2eb163705d8f3c1b' of undefined","level":"info","timestamp":"2020-09-08T07:22:02.538Z"}
{"message":"Update user error TypeError: Cannot read property 'password' of undefined","level":"info","timestamp":"2020-09-08T07:22:58.084Z"}
{"message":"Update user error TypeError: Cannot read property 'password' of undefined","level":"info","timestamp":"2020-09-08T07:24:26.198Z"}
{"message":"Update user error TypeError: Cannot read property 'password' of undefined","level":"info","timestamp":"2020-09-08T07:25:39.329Z"}
{"message":"Update user error TypeError: Cannot read property 'password' of undefined","level":"info","timestamp":"2020-09-08T07:25:59.804Z"}
{"message":"Update user error TypeError: Cannot read property 'password' of undefined","level":"info","timestamp":"2020-09-08T07:26:56.080Z"}
{"message":"Verify request body error TypeError: Cannot read property '5f55d90a2eb163705d8f3c1b' of undefined","level":"info","timestamp":"2020-09-08T07:27:57.943Z"}
{"message":"Verify request body error TypeError: Cannot read property 'GET' of undefined","level":"info","timestamp":"2020-09-08T07:40:17.444Z"}
{"message":"Verify request body error TypeError: Cannot read property 'GET' of undefined","level":"info","timestamp":"2020-09-08T07:40:34.958Z"}
{"message":"Verify request body error TypeError: Cannot read property 'GET' of undefined","level":"info","timestamp":"2020-09-08T07:40:49.723Z"}
{"message":"Verify request body error TypeError: Cannot read property 'GET' of undefined","level":"info","timestamp":"2020-09-08T07:48:12.794Z"}
{"message":"Verify request body error TypeError: Cannot read property 'POST' of undefined","level":"info","timestamp":"2020-09-08T07:51:13.862Z"}
{"errors":{"name":{"name":"ValidatorError","message":"product name is required","properties":{"message":"product name is required","type":"required","path":"name"},"kind":"required","path":"name"}},"_message":"products validation failed","level":"info","timestamp":"2020-09-08T07:51:13.880Z"}
{"message":"Verify request body error TypeError: Cannot read property 'POST' of undefined","level":"info","timestamp":"2020-09-08T07:52:42.397Z"}
{"errors":{"name":{"name":"ValidatorError","message":"product name is required","properties":{"message":"product name is required","type":"required","path":"name"},"kind":"required","path":"name"}},"_message":"products validation failed","level":"info","timestamp":"2020-09-08T07:52:42.415Z"}
{"message":"Verify request body error TypeError: Cannot read property 'POST' of undefined","level":"info","timestamp":"2020-09-08T07:53:46.643Z"}
{"errors":{"name":{"name":"ValidatorError","message":"product name is required","properties":{"message":"product name is required","type":"required","path":"name"},"kind":"required","path":"name"}},"_message":"products validation failed","level":"info","timestamp":"2020-09-08T07:53:46.647Z"}
{"message":"Verify request body error TypeError: Cannot read property 'POST' of undefined","level":"info","timestamp":"2020-09-08T07:54:13.708Z"}
{"errors":{"name":{"name":"ValidatorError","message":"product name is required","properties":{"message":"product name is required","type":"required","path":"name"},"kind":"required","path":"name"}},"_message":"products validation failed","level":"info","timestamp":"2020-09-08T07:54:13.728Z"}
{"errors":{"name":{"name":"ValidatorError","message":"product name is required","properties":{"message":"product name is required","type":"required","path":"name"},"kind":"required","path":"name"}},"_message":"products validation failed","level":"info","timestamp":"2020-09-08T07:55:40.350Z"}
{"errors":{"name":{"name":"ValidatorError","message":"product name is required","properties":{"message":"product name is required","type":"required","path":"name"},"kind":"required","path":"name"}},"_message":"products validation failed","level":"info","timestamp":"2020-09-08T07:56:35.820Z"}
{"message":"Valid body request TypeError [ERR_INVALID_ARG_TYPE]: The \"path\" argument must be of type string or an instance of Buffer or URL. Received undefined","level":"info","timestamp":"2020-09-08T08:03:00.474Z"}
